[debug] [2024-10-24T12:49:33.765Z] ----------------------------------------------------------------------
[debug] [2024-10-24T12:49:33.768Z] Command:       C:\Program Files\nodejs\node.exe C:\Users\Pramo\AppData\Roaming\npm\node_modules\firebase-tools\lib\bin\firebase.js init
[debug] [2024-10-24T12:49:33.769Z] CLI Version:   13.23.0
[debug] [2024-10-24T12:49:33.769Z] Platform:      win32
[debug] [2024-10-24T12:49:33.769Z] Node Version:  v20.17.0
[debug] [2024-10-24T12:49:33.769Z] Time:          Thu Oct 24 2024 18:19:33 GMT+0530 (India Standard Time)
[debug] [2024-10-24T12:49:33.769Z] ----------------------------------------------------------------------
[debug] 
[debug] [2024-10-24T12:49:33.781Z] > command requires scopes: ["email","openid","https://www.googleapis.com/auth/cloudplatformprojects.readonly","https://www.googleapis.com/auth/firebase","https://www.googleapis.com/auth/cloud-platform"]
[debug] [2024-10-24T12:49:33.782Z] > authorizing via signed-in user (pramodpulicherla350@gmail.com)
[info] 
     ######## #### ########  ######## ########     ###     ######  ########
     ##        ##  ##     ## ##       ##     ##  ##   ##  ##       ##
     ######    ##  ########  ######   ########  #########  ######  ######
     ##        ##  ##    ##  ##       ##     ## ##     ##       ## ##
     ##       #### ##     ## ######## ########  ##     ##  ######  ########

You're about to initialize a Firebase project in this directory:

  F:\projects\neuralife\DS_WEB\DS_WEB

[info] 
=== Project Setup
[info] 
[info] First, let's associate this project directory with a Firebase project.
[info] You can create multiple project aliases by running firebase use --add, 
[info] but for now we'll just set up a default project.
[info] 
[debug] [2024-10-24T12:49:51.713Z] Checked if tokens are valid: true, expires at: 1729777346847
[debug] [2024-10-24T12:49:51.714Z] Checked if tokens are valid: true, expires at: 1729777346847
[debug] [2024-10-24T12:49:51.716Z] >>> [apiv2][query] GET https://firebase.googleapis.com/v1beta1/projects pageSize=100
[debug] [2024-10-24T12:49:53.039Z] <<< [apiv2][status] GET https://firebase.googleapis.com/v1beta1/projects 200
[debug] [2024-10-24T12:49:53.040Z] <<< [apiv2][body] GET https://firebase.googleapis.com/v1beta1/projects [omitted]
[info] i  Using project neuralife-documents (neuraLife-documents) 
[info] 
=== Dataconnect Setup
[debug] [2024-10-24T12:49:54.817Z] Checked if tokens are valid: true, expires at: 1729777346847
[debug] [2024-10-24T12:49:54.818Z] Checked if tokens are valid: true, expires at: 1729777346847
[debug] [2024-10-24T12:49:54.818Z] >>> [apiv2][query] GET https://cloudbilling.googleapis.com/v1/projects/neuralife-documents/billingInfo [none]
[debug] [2024-10-24T12:49:56.234Z] <<< [apiv2][status] GET https://cloudbilling.googleapis.com/v1/projects/neuralife-documents/billingInfo 200
[debug] [2024-10-24T12:49:56.234Z] <<< [apiv2][body] GET https://cloudbilling.googleapis.com/v1/projects/neuralife-documents/billingInfo {"name":"projects/neuralife-documents/billingInfo","projectId":"neuralife-documents","billingAccountName":"","billingEnabled":false}
[info] i  dataconnect: ensuring required API sqladmin.googleapis.com is enabled... 
[debug] [2024-10-24T12:49:56.236Z] Checked if tokens are valid: true, expires at: 1729777346847
[debug] [2024-10-24T12:49:56.237Z] Checked if tokens are valid: true, expires at: 1729777346847
[debug] [2024-10-24T12:49:56.237Z] >>> [apiv2][query] GET https://serviceusage.googleapis.com/v1/projects/neuralife-documents/services/sqladmin.googleapis.com [none]
[debug] [2024-10-24T12:49:56.237Z] >>> [apiv2][(partial)header] GET https://serviceusage.googleapis.com/v1/projects/neuralife-documents/services/sqladmin.googleapis.com x-goog-quota-user=projects/neuralife-documents
[debug] [2024-10-24T12:49:58.070Z] <<< [apiv2][status] GET https://serviceusage.googleapis.com/v1/projects/neuralife-documents/services/sqladmin.googleapis.com 200
[debug] [2024-10-24T12:49:58.070Z] <<< [apiv2][body] GET https://serviceusage.googleapis.com/v1/projects/neuralife-documents/services/sqladmin.googleapis.com [omitted]
[info] +  dataconnect: required API sqladmin.googleapis.com is enabled 
[info] i  dataconnect\dataconnect.yaml is unchanged 
[info] i  dataconnect\schema\schema.gql is unchanged 
[info] +  Wrote dataconnect\connector\connector.yaml 
[info] i  dataconnect\connector\queries.gql is unchanged 
[info] i  dataconnect\connector\mutations.gql is unchanged 
[info] +  Detected WEB app in directory F:\projects\neuralife\DS_WEB\DS_WEB 
[info] i  Wrote new config to F:\projects\neuralife\DS_WEB\DS_WEB\dataconnect\connector/connector.yaml 
[info] I1024 18:20:02.882032   15540 codegen.go:82] [connector "default" javascriptSdk] Generating sources into "F:\\projects\\neuralife\\DS_WEB\\DS_WEB\\dataconnect-generated\\js\\default-connector"
I1024 18:20:02.887070   15540 generate.go:40] Generated all sources. Writing them to disk...
I1024 18:20:02.887070   15540 collector.go:107] connector "default" javascriptSdk wrote into "F:\\projects\\neuralife\\DS_WEB\\DS_WEB\\dataconnect-generated\\js\\default-connector"
Generated sources: index.d.ts [264B] esm\index.esm.js [179B] esm\package.json [17B] index.cjs.js [220B] package.json [623B] 
I1024 18:20:02.924911   15540 installsdk.go:76] Running command: C:\Program Files\nodejs\npm.cmd install file:dataconnect-generated\js\default-connector

[info] i  Generated SDK code for default 
[info] +  If you'd like to add more generated SDKs to your app your later, run firebase init dataconnect:sdk again 
[info] i  If you'd like to provision a CloudSQL Postgres instance on the Firebase Data Connect no-cost trial:
1. Please upgrade to the pay-as-you-go (Blaze) billing plan. Visit the following page:
     https://console.firebase.google.com/project/neuralife-documents/usage/details
2. Run firebase init dataconnect again to configure the Cloud SQL instance.
3. Run firebase deploy --only dataconnect to deploy your Data Connect service. 
[info] 
=== Firestore Setup
[debug] [2024-10-24T12:50:05.571Z] Checked if tokens are valid: true, expires at: 1729777346847
[debug] [2024-10-24T12:50:05.571Z] Checked if tokens are valid: true, expires at: 1729777346847
[debug] [2024-10-24T12:50:05.571Z] >>> [apiv2][query] GET https://serviceusage.googleapis.com/v1/projects/neuralife-documents/services/firestore.googleapis.com [none]
[debug] [2024-10-24T12:50:05.571Z] >>> [apiv2][(partial)header] GET https://serviceusage.googleapis.com/v1/projects/neuralife-documents/services/firestore.googleapis.com x-goog-quota-user=projects/neuralife-documents
[debug] [2024-10-24T12:50:05.958Z] <<< [apiv2][status] GET https://serviceusage.googleapis.com/v1/projects/neuralife-documents/services/firestore.googleapis.com 200
[debug] [2024-10-24T12:50:05.959Z] <<< [apiv2][body] GET https://serviceusage.googleapis.com/v1/projects/neuralife-documents/services/firestore.googleapis.com [omitted]
[debug] [2024-10-24T12:50:05.959Z] Checked if tokens are valid: true, expires at: 1729777346847
[debug] [2024-10-24T12:50:05.960Z] Checked if tokens are valid: true, expires at: 1729777346847
[debug] [2024-10-24T12:50:05.960Z] >>> [apiv2][query] GET https://firestore.googleapis.com/v1/projects/neuralife-documents/databases/(default) [none]
[debug] [2024-10-24T12:50:07.653Z] <<< [apiv2][status] GET https://firestore.googleapis.com/v1/projects/neuralife-documents/databases/(default) 200
[debug] [2024-10-24T12:50:07.653Z] <<< [apiv2][body] GET https://firestore.googleapis.com/v1/projects/neuralife-documents/databases/(default) {"name":"projects/neuralife-documents/databases/(default)","uid":"7f9dfa3b-b167-4129-a8c2-38d0b73a65c1","createTime":"2024-10-24T12:48:56.988904Z","updateTime":"2024-10-24T12:48:56.988904Z","locationId":"nam5","type":"FIRESTORE_NATIVE","concurrencyMode":"PESSIMISTIC","versionRetentionPeriod":"3600s","earliestVersionTime":"2024-10-24T12:48:56.988904Z","appEngineIntegrationMode":"DISABLED","keyPrefix":"s","pointInTimeRecoveryEnablement":"POINT_IN_TIME_RECOVERY_DISABLED","deleteProtectionState":"DELETE_PROTECTION_DISABLED","etag":"IOKV74iHp4kDMOip6OeGp4kD"}
[debug] [2024-10-24T12:50:07.653Z] database_type: FIRESTORE_NATIVE
[debug] [2024-10-24T12:50:07.653Z] database_type: FIRESTORE_NATIVE
[debug] [2024-10-24T12:50:07.654Z] > command requires scopes: ["email","openid","https://www.googleapis.com/auth/cloudplatformprojects.readonly","https://www.googleapis.com/auth/firebase","https://www.googleapis.com/auth/cloud-platform"]
[debug] [2024-10-24T12:50:07.654Z] > authorizing via signed-in user (pramodpulicherla350@gmail.com)
[debug] [2024-10-24T12:50:07.654Z] [iam] checking project neuralife-documents for permissions ["firebase.projects.get"]
[debug] [2024-10-24T12:50:07.655Z] Checked if tokens are valid: true, expires at: 1729777346847
[debug] [2024-10-24T12:50:07.655Z] Checked if tokens are valid: true, expires at: 1729777346847
[debug] [2024-10-24T12:50:07.655Z] >>> [apiv2][query] POST https://cloudresourcemanager.googleapis.com/v1/projects/neuralife-documents:testIamPermissions [none]
[debug] [2024-10-24T12:50:07.655Z] >>> [apiv2][(partial)header] POST https://cloudresourcemanager.googleapis.com/v1/projects/neuralife-documents:testIamPermissions x-goog-quota-user=projects/neuralife-documents
[debug] [2024-10-24T12:50:07.655Z] >>> [apiv2][body] POST https://cloudresourcemanager.googleapis.com/v1/projects/neuralife-documents:testIamPermissions {"permissions":["firebase.projects.get"]}
[debug] [2024-10-24T12:50:08.938Z] <<< [apiv2][status] POST https://cloudresourcemanager.googleapis.com/v1/projects/neuralife-documents:testIamPermissions 200
[debug] [2024-10-24T12:50:08.938Z] <<< [apiv2][body] POST https://cloudresourcemanager.googleapis.com/v1/projects/neuralife-documents:testIamPermissions {"permissions":["firebase.projects.get"]}
[info] 
[info] Firestore Security Rules allow you to define how and when to allow
[info] requests. You can keep these rules in your project directory
[info] and publish them with firebase deploy.
[info] 
[debug] [2024-10-24T12:50:15.690Z] Checked if tokens are valid: true, expires at: 1729777346847
[debug] [2024-10-24T12:50:15.690Z] Checked if tokens are valid: true, expires at: 1729777346847
[debug] [2024-10-24T12:50:15.691Z] >>> [apiv2][query] GET https://firebaserules.googleapis.com/v1/projects/neuralife-documents/releases pageSize=10&pageToken=
[debug] [2024-10-24T12:50:17.285Z] <<< [apiv2][status] GET https://firebaserules.googleapis.com/v1/projects/neuralife-documents/releases 200
[debug] [2024-10-24T12:50:17.285Z] <<< [apiv2][body] GET https://firebaserules.googleapis.com/v1/projects/neuralife-documents/releases {"releases":[{"name":"projects/neuralife-documents/releases/cloud.firestore","rulesetName":"projects/neuralife-documents/rulesets/a3d1ff94-7c1b-488c-8a4e-e320b1170e6e","createTime":"2024-10-24T12:49:03.298491Z","updateTime":"2024-10-24T12:49:03.298491Z"}]}
[debug] [2024-10-24T12:50:17.285Z] Found ruleset: projects/neuralife-documents/rulesets/a3d1ff94-7c1b-488c-8a4e-e320b1170e6e
[debug] [2024-10-24T12:50:17.286Z] Checked if tokens are valid: true, expires at: 1729777346847
[debug] [2024-10-24T12:50:17.286Z] Checked if tokens are valid: true, expires at: 1729777346847
[debug] [2024-10-24T12:50:17.286Z] >>> [apiv2][query] GET https://firebaserules.googleapis.com/v1/projects/neuralife-documents/rulesets/a3d1ff94-7c1b-488c-8a4e-e320b1170e6e [none]
[debug] [2024-10-24T12:50:18.618Z] <<< [apiv2][status] GET https://firebaserules.googleapis.com/v1/projects/neuralife-documents/rulesets/a3d1ff94-7c1b-488c-8a4e-e320b1170e6e 200
[debug] [2024-10-24T12:50:18.618Z] <<< [apiv2][body] GET https://firebaserules.googleapis.com/v1/projects/neuralife-documents/rulesets/a3d1ff94-7c1b-488c-8a4e-e320b1170e6e [omitted]
[info] 
[info] Firestore indexes allow you to perform complex queries while
[info] maintaining performance that scales with the size of the result
[info] set. You can keep index definitions in your project directory
[info] and publish them with firebase deploy.
[info] 
[debug] [2024-10-24T12:50:21.295Z] Checked if tokens are valid: true, expires at: 1729777346847
[debug] [2024-10-24T12:50:21.295Z] Checked if tokens are valid: true, expires at: 1729777346847
[debug] [2024-10-24T12:50:21.296Z] Checked if tokens are valid: true, expires at: 1729777346847
[debug] [2024-10-24T12:50:21.296Z] Checked if tokens are valid: true, expires at: 1729777346847
[debug] [2024-10-24T12:50:21.296Z] >>> [apiv2][query] GET https://firestore.googleapis.com/v1/projects/neuralife-documents/databases/(default)/collectionGroups/-/indexes [none]
[debug] [2024-10-24T12:50:21.303Z] >>> [apiv2][query] GET https://firestore.googleapis.com/v1/projects/neuralife-documents/databases/(default)/collectionGroups/-/fields?filter=indexConfig.usesAncestorConfig=false OR ttlConfig:* [none]
[debug] [2024-10-24T12:50:22.949Z] <<< [apiv2][status] GET https://firestore.googleapis.com/v1/projects/neuralife-documents/databases/(default)/collectionGroups/-/indexes 200
[debug] [2024-10-24T12:50:22.949Z] <<< [apiv2][body] GET https://firestore.googleapis.com/v1/projects/neuralife-documents/databases/(default)/collectionGroups/-/indexes {}
[debug] [2024-10-24T12:50:23.290Z] <<< [apiv2][status] GET https://firestore.googleapis.com/v1/projects/neuralife-documents/databases/(default)/collectionGroups/-/fields?filter=indexConfig.usesAncestorConfig=false OR ttlConfig:* 200
[debug] [2024-10-24T12:50:23.291Z] <<< [apiv2][body] GET https://firestore.googleapis.com/v1/projects/neuralife-documents/databases/(default)/collectionGroups/-/fields?filter=indexConfig.usesAncestorConfig=false OR ttlConfig:* {"fields":[{"name":"projects/neuralife-documents/databases/(default)/collectionGroups/__default__/fields/*","indexConfig":{"indexes":[{"queryScope":"COLLECTION","fields":[{"fieldPath":"*","order":"ASCENDING"}],"state":"READY"},{"queryScope":"COLLECTION","fields":[{"fieldPath":"*","order":"DESCENDING"}],"state":"READY"},{"queryScope":"COLLECTION","fields":[{"fieldPath":"*","arrayConfig":"CONTAINS"}],"state":"READY"}]}}]}
[info] 
=== Genkit Setup
[debug] [2024-10-24T12:50:25.963Z] > command requires scopes: ["email","openid","https://www.googleapis.com/auth/cloudplatformprojects.readonly","https://www.googleapis.com/auth/firebase","https://www.googleapis.com/auth/cloud-platform"]
[debug] [2024-10-24T12:50:25.964Z] > authorizing via signed-in user (pramodpulicherla350@gmail.com)
[debug] [2024-10-24T12:50:25.964Z] [iam] checking project neuralife-documents for permissions ["firebase.projects.get"]
[debug] [2024-10-24T12:50:25.964Z] Checked if tokens are valid: true, expires at: 1729777346847
[debug] [2024-10-24T12:50:25.965Z] Checked if tokens are valid: true, expires at: 1729777346847
[debug] [2024-10-24T12:50:25.965Z] >>> [apiv2][query] POST https://cloudresourcemanager.googleapis.com/v1/projects/neuralife-documents:testIamPermissions [none]
[debug] [2024-10-24T12:50:25.965Z] >>> [apiv2][(partial)header] POST https://cloudresourcemanager.googleapis.com/v1/projects/neuralife-documents:testIamPermissions x-goog-quota-user=projects/neuralife-documents
[debug] [2024-10-24T12:50:25.965Z] >>> [apiv2][body] POST https://cloudresourcemanager.googleapis.com/v1/projects/neuralife-documents:testIamPermissions {"permissions":["firebase.projects.get"]}
[debug] [2024-10-24T12:50:26.349Z] <<< [apiv2][status] POST https://cloudresourcemanager.googleapis.com/v1/projects/neuralife-documents:testIamPermissions 200
[debug] [2024-10-24T12:50:26.350Z] <<< [apiv2][body] POST https://cloudresourcemanager.googleapis.com/v1/projects/neuralife-documents:testIamPermissions {"permissions":["firebase.projects.get"]}
[debug] [2024-10-24T12:50:26.350Z] Checked if tokens are valid: true, expires at: 1729777346847
[debug] [2024-10-24T12:50:26.350Z] Checked if tokens are valid: true, expires at: 1729777346847
[debug] [2024-10-24T12:50:26.350Z] Checked if tokens are valid: true, expires at: 1729777346847
[debug] [2024-10-24T12:50:26.351Z] Checked if tokens are valid: true, expires at: 1729777346847
[debug] [2024-10-24T12:50:26.351Z] >>> [apiv2][query] GET https://serviceusage.googleapis.com/v1/projects/neuralife-documents/services/cloudfunctions.googleapis.com [none]
[debug] [2024-10-24T12:50:26.351Z] >>> [apiv2][(partial)header] GET https://serviceusage.googleapis.com/v1/projects/neuralife-documents/services/cloudfunctions.googleapis.com x-goog-quota-user=projects/neuralife-documents
[debug] [2024-10-24T12:50:26.357Z] >>> [apiv2][query] GET https://serviceusage.googleapis.com/v1/projects/neuralife-documents/services/runtimeconfig.googleapis.com [none]
[debug] [2024-10-24T12:50:26.357Z] >>> [apiv2][(partial)header] GET https://serviceusage.googleapis.com/v1/projects/neuralife-documents/services/runtimeconfig.googleapis.com x-goog-quota-user=projects/neuralife-documents
[debug] [2024-10-24T12:50:27.984Z] <<< [apiv2][status] GET https://serviceusage.googleapis.com/v1/projects/neuralife-documents/services/runtimeconfig.googleapis.com 200
[debug] [2024-10-24T12:50:27.985Z] <<< [apiv2][body] GET https://serviceusage.googleapis.com/v1/projects/neuralife-documents/services/runtimeconfig.googleapis.com [omitted]
[debug] [2024-10-24T12:50:28.020Z] <<< [apiv2][status] GET https://serviceusage.googleapis.com/v1/projects/neuralife-documents/services/cloudfunctions.googleapis.com 200
[debug] [2024-10-24T12:50:28.021Z] <<< [apiv2][body] GET https://serviceusage.googleapis.com/v1/projects/neuralife-documents/services/cloudfunctions.googleapis.com [omitted]
[debug] [2024-10-24T12:50:28.022Z] Checked if tokens are valid: true, expires at: 1729777346847
[debug] [2024-10-24T12:50:28.022Z] Checked if tokens are valid: true, expires at: 1729777346847
[debug] [2024-10-24T12:50:28.023Z] >>> [apiv2][query] POST https://serviceusage.googleapis.com/v1/projects/neuralife-documents/services/cloudfunctions.googleapis.com:enable [none]
[debug] [2024-10-24T12:50:28.023Z] >>> [apiv2][(partial)header] POST https://serviceusage.googleapis.com/v1/projects/neuralife-documents/services/cloudfunctions.googleapis.com:enable x-goog-quota-user=projects/neuralife-documents
[debug] [2024-10-24T12:50:29.749Z] <<< [apiv2][status] POST https://serviceusage.googleapis.com/v1/projects/neuralife-documents/services/cloudfunctions.googleapis.com:enable 200
[debug] [2024-10-24T12:50:29.749Z] <<< [apiv2][body] POST https://serviceusage.googleapis.com/v1/projects/neuralife-documents/services/cloudfunctions.googleapis.com:enable [omitted]
[debug] [2024-10-24T12:50:39.762Z] Checked if tokens are valid: true, expires at: 1729777346847
[debug] [2024-10-24T12:50:39.762Z] Checked if tokens are valid: true, expires at: 1729777346847
[debug] [2024-10-24T12:50:39.762Z] >>> [apiv2][query] GET https://serviceusage.googleapis.com/v1/projects/neuralife-documents/services/cloudfunctions.googleapis.com [none]
[debug] [2024-10-24T12:50:39.762Z] >>> [apiv2][(partial)header] GET https://serviceusage.googleapis.com/v1/projects/neuralife-documents/services/cloudfunctions.googleapis.com x-goog-quota-user=projects/neuralife-documents
[debug] [2024-10-24T12:50:41.546Z] <<< [apiv2][status] GET https://serviceusage.googleapis.com/v1/projects/neuralife-documents/services/cloudfunctions.googleapis.com 200
[debug] [2024-10-24T12:50:41.547Z] <<< [apiv2][body] GET https://serviceusage.googleapis.com/v1/projects/neuralife-documents/services/cloudfunctions.googleapis.com [omitted]
[info] Let's create a new codebase for your functions.
[info] A directory corresponding to the codebase will be created in your project
[info] with sample code pre-configured.

[info] See https://firebase.google.com/docs/functions/organize-functions for
[info] more information on organizing your functions using codebases.

[info] Functions can be deployed with firebase deploy.

[info] +  Wrote functions/package.json 
[info] +  Wrote functions/.eslintrc.js 
[info] +  Wrote functions/tsconfig.json 
[info] +  Wrote functions/tsconfig.dev.json 
[info] +  Wrote functions/src/index.ts 
[info] +  Wrote functions/.gitignore 
[info] 
[info] Installing Genkit CLI
[error] Genkit initialization failed...
[info] 
=== Functions Setup
[debug] [2024-10-24T12:55:49.583Z] > command requires scopes: ["email","openid","https://www.googleapis.com/auth/cloudplatformprojects.readonly","https://www.googleapis.com/auth/firebase","https://www.googleapis.com/auth/cloud-platform"]
[debug] [2024-10-24T12:55:49.584Z] > authorizing via signed-in user (pramodpulicherla350@gmail.com)
[debug] [2024-10-24T12:55:49.584Z] [iam] checking project neuralife-documents for permissions ["firebase.projects.get"]
[debug] [2024-10-24T12:55:49.584Z] Checked if tokens are valid: true, expires at: 1729777346847
[debug] [2024-10-24T12:55:49.584Z] Checked if tokens are valid: true, expires at: 1729777346847
[debug] [2024-10-24T12:55:49.584Z] >>> [apiv2][query] POST https://cloudresourcemanager.googleapis.com/v1/projects/neuralife-documents:testIamPermissions [none]
[debug] [2024-10-24T12:55:49.584Z] >>> [apiv2][(partial)header] POST https://cloudresourcemanager.googleapis.com/v1/projects/neuralife-documents:testIamPermissions x-goog-quota-user=projects/neuralife-documents
[debug] [2024-10-24T12:55:49.584Z] >>> [apiv2][body] POST https://cloudresourcemanager.googleapis.com/v1/projects/neuralife-documents:testIamPermissions {"permissions":["firebase.projects.get"]}
[debug] [2024-10-24T12:55:50.897Z] <<< [apiv2][status] POST https://cloudresourcemanager.googleapis.com/v1/projects/neuralife-documents:testIamPermissions 200
[debug] [2024-10-24T12:55:50.898Z] <<< [apiv2][body] POST https://cloudresourcemanager.googleapis.com/v1/projects/neuralife-documents:testIamPermissions {"permissions":["firebase.projects.get"]}
[debug] [2024-10-24T12:55:50.898Z] Checked if tokens are valid: true, expires at: 1729777346847
[debug] [2024-10-24T12:55:50.898Z] Checked if tokens are valid: true, expires at: 1729777346847
[debug] [2024-10-24T12:55:50.899Z] Checked if tokens are valid: true, expires at: 1729777346847
[debug] [2024-10-24T12:55:50.899Z] Checked if tokens are valid: true, expires at: 1729777346847
[debug] [2024-10-24T12:55:50.899Z] >>> [apiv2][query] GET https://serviceusage.googleapis.com/v1/projects/neuralife-documents/services/cloudfunctions.googleapis.com [none]
[debug] [2024-10-24T12:55:50.899Z] >>> [apiv2][(partial)header] GET https://serviceusage.googleapis.com/v1/projects/neuralife-documents/services/cloudfunctions.googleapis.com x-goog-quota-user=projects/neuralife-documents
[debug] [2024-10-24T12:55:50.904Z] >>> [apiv2][query] GET https://serviceusage.googleapis.com/v1/projects/neuralife-documents/services/runtimeconfig.googleapis.com [none]
[debug] [2024-10-24T12:55:50.904Z] >>> [apiv2][(partial)header] GET https://serviceusage.googleapis.com/v1/projects/neuralife-documents/services/runtimeconfig.googleapis.com x-goog-quota-user=projects/neuralife-documents
[debug] [2024-10-24T12:55:52.541Z] <<< [apiv2][status] GET https://serviceusage.googleapis.com/v1/projects/neuralife-documents/services/cloudfunctions.googleapis.com 200
[debug] [2024-10-24T12:55:52.542Z] <<< [apiv2][body] GET https://serviceusage.googleapis.com/v1/projects/neuralife-documents/services/cloudfunctions.googleapis.com [omitted]
[debug] [2024-10-24T12:55:52.563Z] <<< [apiv2][status] GET https://serviceusage.googleapis.com/v1/projects/neuralife-documents/services/runtimeconfig.googleapis.com 200
[debug] [2024-10-24T12:55:52.563Z] <<< [apiv2][body] GET https://serviceusage.googleapis.com/v1/projects/neuralife-documents/services/runtimeconfig.googleapis.com [omitted]
[info] 
Detected existing codebase(s): default

[info] Let's create a new codebase for your functions.
[info] A directory corresponding to the codebase will be created in your project
[info] with sample code pre-configured.

[info] See https://firebase.google.com/docs/functions/organize-functions for
[info] more information on organizing your functions using codebases.

[info] Functions can be deployed with firebase deploy.

[error] Invalid codebase name. Codebase must be less than 64 characters and can contain only lowercase letters, numeric characters, underscores, and dashes.
